#
# There is insufficient memory for the Java Runtime Environment to continue.
# Native memory allocation (mmap) failed to map 268435456 bytes for G1 virtual space
# Possible reasons:
#   The system is out of physical RAM or swap space
#   The process is running with CompressedOops enabled, and the Java Heap may be blocking the growth of the native heap
# Possible solutions:
#   Reduce memory load on the system
#   Increase physical memory or swap space
#   Check if swap backing store is full
#   Decrease Java heap size (-Xmx/-Xms)
#   Decrease number of Java threads
#   Decrease Java thread stack sizes (-Xss)
#   Set larger code cache with -XX:ReservedCodeCacheSize=
#   JVM is running with Zero Based Compressed Oops mode in which the Java heap is
#     placed in the first 32GB address space. The Java Heap base address is the
#     maximum limit for the native heap growth. Please use -XX:HeapBaseMinAddress
#     to set the Java Heap base and to place the Java Heap above 32GB virtual address.
# This output file may be truncated or incomplete.
#
#  Out of Memory Error (os_windows.cpp:3760), pid=12064, tid=20128
#
# JRE version:  (17.0.5+1) (build )
# Java VM: OpenJDK 64-Bit Server VM (17.0.5+1-b653.23, mixed mode, sharing, tiered, compressed oops, compressed class ptrs, g1 gc, windows-amd64)
# No core dump will be written. Minidumps are not enabled by default on client versions of Windows
#

---------------  S U M M A R Y ------------

Command Line: git4idea.http.GitAskPassApp Username for 'https://github.com': 

Host: Intel(R) Core(TM) i5-7500 CPU @ 3.40GHz, 4 cores, 15G,  Windows 10 , 64 bit Build 19041 (10.0.19041.2364)
Time: Tue Feb  7 04:39:25 2023 SE Asia Standard Time elapsed time: 0.018780 seconds (0d 0h 0m 0s)

---------------  T H R E A D  ---------------

Current thread (0x0000013374ebf280):  JavaThread "Unknown thread" [_thread_in_vm, id=20128, stack(0x0000000708e00000,0x0000000708f00000)]

Stack: [0x0000000708e00000,0x0000000708f00000]
Native frames: (J=compiled Java code, j=interpreted, Vv=VM code, C=native code)
V  [jvm.dll+0x6830ca]
V  [jvm.dll+0x83f4c4]
V  [jvm.dll+0x840c6e]
V  [jvm.dll+0x8412d3]
V  [jvm.dll+0x2490b5]
V  [jvm.dll+0x67ff99]
V  [jvm.dll+0x6744aa]
V  [jvm.dll+0x308f2b]
V  [jvm.dll+0x3103e6]
V  [jvm.dll+0x36013e]
V  [jvm.dll+0x36036f]
V  [jvm.dll+0x2df018]
V  [jvm.dll+0x2dff84]
V  [jvm.dll+0x810d91]
V  [jvm.dll+0x36df31]
V  [jvm.dll+0x7f028c]
V  [jvm.dll+0x3f0cbf]
V  [jvm.dll+0x3f2801]
C  [jli.dll+0x526b]
C  [ucrtbase.dll+0x21bb2]
C  [KERNEL32.DLL+0x17614]
C  [ntdll.dll+0x526a1]


---------------  P R O C E S S  ---------------

Threads class SMR info:
_java_thread_list=0x00007ffcabaa8f98, length=0, elements={
}

Java Threads: ( => current thread )

Other Threads:
  0x0000013374f298e0 GCTaskThread "GC Thread#0" [stack: 0x0000000708f00000,0x0000000709000000] [id=10824]
  0x0000013374f3a6b0 ConcurrentGCThread "G1 Main Marker" [stack: 0x0000000709000000,0x0000000709100000] [id=13584]
  0x0000013374f3b770 ConcurrentGCThread "G1 Conc#0" [stack: 0x0000000709100000,0x0000000709200000] [id=13072]

[error occurred during error reporting (printing all threads), id 0xc0000005, EXCEPTION_ACCESS_VIOLATION (0xc0000005) at pc=0x00007ffcab25fbd7]

VM state: not at safepoint (not fully initialized)

VM Mutex/Monitor currently owned by a thread:  ([mutex/lock_event])
[0x0000013374eba6a0] Heap_lock - owner thread: 0x0000013374ebf280

Heap address: 0x00000004d5a00000, size: 4088 MB, Compressed Oops mode: Zero based, Oop shift amount: 3

CDS archive(s) mapped at: [0x0000000000000000-0x0000000000000000-0x0000000000000000), size 0, SharedBaseAddress: 0x0000000800000000, ArchiveRelocationMode: 0.
Narrow klass base: 0x0000000000000000, Narrow klass shift: 0, Narrow klass range: 0x0

GC Precious Log:
<Empty>

Heap:
 garbage-first heap   total 0K, used 0K [0x00000004d5a00000, 0x00000005d5200000)
  region size 2048K, 0 young (0K), 0 survivors (0K)

[error occurred during error reporting (printing heap information), id 0xc0000005, EXCEPTION_ACCESS_VIOLATION (0xc0000005) at pc=0x00007ffcab64cd59]

GC Heap History (0 events):
No events

Dll operation events (1 events):
Event: 0.011 Loaded shared library C:\Program Files\JetBrains\IntelliJ IDEA 2022.3\jbr\bin\java.dll

Deoptimization events (0 events):
No events

Classes unloaded (0 events):
No events

Classes redefined (0 events):
No events

Internal exceptions (0 events):
No events

VM Operations (0 events):
No events

Events (0 events):
No events


Dynamic libraries:
0x00007ff7d4ee0000 - 0x00007ff7d4eea000 	C:\Program Files\JetBrains\IntelliJ IDEA 2022.3\jbr\bin\java.exe
0x00007ffd27310000 - 0x00007ffd27508000 	C:\WINDOWS\SYSTEM32\ntdll.dll
0x00007ffd25a50000 - 0x00007ffd25b0f000 	C:\WINDOWS\System32\KERNEL32.DLL
0x00007ffd24d90000 - 0x00007ffd25062000 	C:\WINDOWS\System32\KERNELBASE.dll
0x00007ffd25070000 - 0x00007ffd25170000 	C:\WINDOWS\System32\ucrtbase.dll
0x00007ffcf94c0000 - 0x00007ffcf94db000 	C:\Program Files\JetBrains\IntelliJ IDEA 2022.3\jbr\bin\VCRUNTIME140.dll
0x00007ffd11e20000 - 0x00007ffd11e37000 	C:\Program Files\JetBrains\IntelliJ IDEA 2022.3\jbr\bin\jli.dll
0x00007ffd254a0000 - 0x00007ffd25641000 	C:\WINDOWS\System32\USER32.dll
0x00007ffd24a80000 - 0x00007ffd24aa2000 	C:\WINDOWS\System32\win32u.dll
0x00007ffd13df0000 - 0x00007ffd1408a000 	C:\WINDOWS\WinSxS\amd64_microsoft.windows.common-controls_6595b64144ccf1df_6.0.19041.1110_none_60b5254171f9507e\COMCTL32.dll
0x00007ffd26910000 - 0x00007ffd2693b000 	C:\WINDOWS\System32\GDI32.dll
0x00007ffd27230000 - 0x00007ffd272ce000 	C:\WINDOWS\System32\msvcrt.dll
0x00007ffd24ab0000 - 0x00007ffd24bbf000 	C:\WINDOWS\System32\gdi32full.dll
0x00007ffd25220000 - 0x00007ffd252bd000 	C:\WINDOWS\System32\msvcp_win.dll
0x00007ffd25c50000 - 0x00007ffd25c82000 	C:\WINDOWS\System32\IMM32.DLL
0x00007ffd00bc0000 - 0x00007ffd00bcc000 	C:\Program Files\JetBrains\IntelliJ IDEA 2022.3\jbr\bin\vcruntime140_1.dll
0x00007ffce7c10000 - 0x00007ffce7c9d000 	C:\Program Files\JetBrains\IntelliJ IDEA 2022.3\jbr\bin\msvcp140.dll
0x00007ffcaaf70000 - 0x00007ffcabbdb000 	C:\Program Files\JetBrains\IntelliJ IDEA 2022.3\jbr\bin\server\jvm.dll
0x00007ffd259a0000 - 0x00007ffd25a4e000 	C:\WINDOWS\System32\ADVAPI32.dll
0x00007ffd25740000 - 0x00007ffd257dc000 	C:\WINDOWS\System32\sechost.dll
0x00007ffd269c0000 - 0x00007ffd26ae5000 	C:\WINDOWS\System32\RPCRT4.dll
0x00007ffd1a2b0000 - 0x00007ffd1a2d7000 	C:\WINDOWS\SYSTEM32\WINMM.dll
0x00007ffd1e190000 - 0x00007ffd1e19a000 	C:\WINDOWS\SYSTEM32\VERSION.dll
0x00007ffd0c8c0000 - 0x00007ffd0c8c9000 	C:\WINDOWS\SYSTEM32\WSOCK32.dll
0x00007ffd26950000 - 0x00007ffd269bb000 	C:\WINDOWS\System32\ws2_32.DLL
0x00007ffd227a0000 - 0x00007ffd227b2000 	C:\WINDOWS\SYSTEM32\kernel.appcore.dll
0x00007ffd22240000 - 0x00007ffd2224a000 	C:\Program Files\JetBrains\IntelliJ IDEA 2022.3\jbr\bin\jimage.dll
0x00007ffd15980000 - 0x00007ffd15b64000 	C:\WINDOWS\SYSTEM32\DBGHELP.DLL
0x00007ffd11750000 - 0x00007ffd11785000 	C:\WINDOWS\SYSTEM32\dbgcore.DLL
0x00007ffd252c0000 - 0x00007ffd25342000 	C:\WINDOWS\System32\bcryptPrimitives.dll
0x00007ffd221a0000 - 0x00007ffd221c5000 	C:\Program Files\JetBrains\IntelliJ IDEA 2022.3\jbr\bin\java.dll

dbghelp: loaded successfully - version: 4.0.5 - missing functions: none
symbol engine: initialized successfully - sym options: 0x614 - pdb path: .;C:\Program Files\JetBrains\IntelliJ IDEA 2022.3\jbr\bin;C:\WINDOWS\SYSTEM32;C:\WINDOWS\WinSxS\amd64_microsoft.windows.common-controls_6595b64144ccf1df_6.0.19041.1110_none_60b5254171f9507e;C:\Program Files\JetBrains\IntelliJ IDEA 2022.3\jbr\bin\server

VM Arguments:
java_command: git4idea.http.GitAskPassApp Username for 'https://github.com': 
java_class_path (initial): C:/Program Files/JetBrains/IntelliJ IDEA 2022.3/plugins/vcs-git/lib/git4idea-rt.jar;C:/Program Files/JetBrains/IntelliJ IDEA 2022.3/lib/externalProcess-rt.jar;C:/Program Files/JetBrains/IntelliJ IDEA 2022.3/lib/app.jar;C:/Program Files/JetBrains/IntelliJ IDEA 2022.3/lib/3rd-party-rt.jar
Launcher Type: SUN_STANDARD

[Global flags]
     intx CICompilerCount                          = 3                                         {product} {ergonomic}
     uint ConcGCThreads                            = 1                                         {product} {ergonomic}
     uint G1ConcRefinementThreads                  = 4                                         {product} {ergonomic}
   size_t G1HeapRegionSize                         = 2097152                                   {product} {ergonomic}
    uintx GCDrainStackTargetSize                   = 64                                        {product} {ergonomic}
   size_t InitialHeapSize                          = 268435456                                 {product} {ergonomic}
   size_t MarkStackSize                            = 4194304                                   {product} {ergonomic}
   size_t MaxHeapSize                              = 4286578688                                {product} {ergonomic}
   size_t MinHeapDeltaBytes                        = 2097152                                   {product} {ergonomic}
   size_t MinHeapSize                              = 8388608                                   {product} {ergonomic}
    uintx NonNMethodCodeHeapSize                   = 5832780                                {pd product} {ergonomic}
    uintx NonProfiledCodeHeapSize                  = 122912730                              {pd product} {ergonomic}
    uintx ProfiledCodeHeapSize                     = 122912730                              {pd product} {ergonomic}
    uintx ReservedCodeCacheSize                    = 251658240                              {pd product} {ergonomic}
     bool SegmentedCodeCache                       = true                                      {product} {ergonomic}
   size_t SoftMaxHeapSize                          = 4286578688                             {manageable} {ergonomic}
     bool UseCompressedClassPointers               = true                           {product lp64_product} {ergonomic}
     bool UseCompressedOops                        = true                           {product lp64_product} {ergonomic}
     bool UseG1GC                                  = true                                      {product} {ergonomic}
     bool UseLargePagesIndividualAllocation        = false                                  {pd product} {ergonomic}

Logging:
Log output configuration:
 #0: stdout all=warning uptime,level,tags
 #1: stderr all=off uptime,level,tags

Environment Variables:
PATH=C:\Program Files\Git\mingw64\libexec\git-core;C:\Program Files\Git\mingw64\libexec\git-core;C:\Program Files\Git\mingw64\bin;C:\Program Files\Git\usr\bin;C:\Users\labyr\bin;C:\Program Files\Common Files\Oracle\Java\javapath;C:\VulkanSDK\1.2.154.1\Bin;C:\Program Files (x86)\Common Files\Oracle\Java\javapath;C:\WINDOWS\system32;C:\WINDOWS;C:\WINDOWS\System32\Wbem;C:\WINDOWS\System32\WindowsPowerShell\v1.0;C:\WINDOWS\System32\OpenSSH;C:\Program Files (x86)\NVIDIA Corporation\PhysX\Common;C:\Program Files\NVIDIA Corporation\NVIDIA NvDLISR;C:\Program Files\Git\cmd;C:\WINDOWS\system32;C:\WINDOWS;C:\WINDOWS\System32\Wbem;C:\WINDOWS\System32\WindowsPowerShell\v1.0;C:\WINDOWS\System32\OpenSSH;C:\Program Files\Calibre2;C:\Program Files\Java\jdk-18.0.2.1\bin;C:\Program Files\nodejs;C:\Program Files\Azure Data Studio\bin;C:\Program Files\dotnet;C:\Users\labyr\AppData\Local\Microsoft\WindowsApps;C:\Users\labyr\AppData\Local\Programs\Microsoft VS Code\bin;C:\Users\labyr\AppData\Roaming\npm;C:\Program Files\Azure Data Studio\bin;C:\Program Files\heroku\bin;C:\Users\labyr\AppData\Local\JetBrains\Toolbox\scripts
USERNAME=labyr
DISPLAY=:0.0
LC_ALL=en_US.UTF-8
TERM=cygwin
TMPDIR=C:\Users\labyr\AppData\Local\Temp
OS=Windows_NT
PROCESSOR_IDENTIFIER=Intel64 Family 6 Model 158 Stepping 9, GenuineIntel
TMP=C:\Users\labyr\AppData\Local\Temp
TEMP=C:\Users\labyr\AppData\Local\Temp



---------------  S Y S T E M  ---------------

OS:
 Windows 10 , 64 bit Build 19041 (10.0.19041.2364)
OS uptime: 1 days 13:10 hours
Hyper-V role detected

CPU: total 4 (initial active 4) (4 cores per cpu, 1 threads per core) family 6 model 158 stepping 9 microcode 0xb4, cx8, cmov, fxsr, mmx, 3dnowpref, sse, sse2, sse3, ssse3, sse4.1, sse4.2, popcnt, lzcnt, tsc, tscinvbit, avx, avx2, aes, erms, clmul, bmi1, bmi2, rtm, adx, fma, vzeroupper, clflush, clflushopt, hv

Memory: 4k page, system-wide physical 16348M (2552M free)
TotalPageFile size 16348M (AvailPageFile size 250M)
current process WorkingSet (physical memory assigned to process): 10M, peak: 10M
current process commit charge ("private bytes"): 51M, peak: 307M

vm_info: OpenJDK 64-Bit Server VM (17.0.5+1-b653.23) for windows-amd64 JRE (17.0.5+1-b653.23), built on 2022-12-12 by "builduser" with MS VC++ 16.10 / 16.11 (VS2019)

END.
